<?xml version="1.0" encoding="UTF-8"?>
<!-- Generated by org.testng.reporters.JUnitXMLReporter -->
<testsuite ignored="0" hostname="WIN-VQH3MOF24SS" failures="1" tests="2" name="Test" time="19.798" errors="0" timestamp="2021-11-29T12:57:37 IST">
  <testcase classname="demotestng.Demogoggle" name="checktitle" time="0.012">
    <failure type="java.lang.AssertionError" message="expected [google] but found [Google]">
      <![CDATA[java.lang.AssertionError: expected [google] but found [Google]
at demotestng.Demogoggle.checktitle(Demogoggle.java:27)
at java.base/java.util.ArrayList.forEach(ArrayList.java:1541)
... Removed 33 stack frames]]>
    </failure>
  </testcase> <!-- checktitle -->
  <testcase classname="demotestng.Demogoggle" name="checklogo" time="0.042"/>
</testsuite> <!-- Test -->
